{"ts": "2025-04-01T09:00:00.123Z", "level": "trace", "msg": "system startup initiated", "caller": "main.go:10", "logger": "bootstrap", "phase": "init", "debug_flags": null}
{"ts": "2025-04-01T09:00:01.456Z", "level": "debug", "msg": "loading configuration", "caller": "config/loader.go:25", "logger": "config", "config_file": "app.yaml", "defaults_applied": true, "overrides": false}
{"ts": "2025-04-01T09:00:02.789Z", "level": "info", "msg": "database connection established", "caller": "db/connect.go:42", "logger": "database", "host": "localhost", "port": 5432, "pool_size": 10, "ssl_enabled": true}
{"ts": "2025-04-01T09:00:03.012Z", "level": "info", "msg": "cache initialized", "caller": "cache/init.go:18", "logger": "cache", "backend": "redis", "ttl_seconds": 3600, "max_entries": 10000, "eviction_policy": null}
{"ts": "2025-04-01T09:00:04.345Z", "level": "debug", "msg": "registering handlers", "caller": "api/router.go:55", "logger": "api", "endpoints": ["/health", "/users", "/orders"], "middleware": ["auth", "logging", "cors"], "versioned": true}
{"ts": "2025-04-01T09:00:05.678Z", "level": "info", "msg": "server listening", "caller": "server/http.go:80", "logger": "server", "address": "0.0.0.0", "port": 8080, "tls": false, "read_timeout_ms": 30000}
{"ts": "2025-04-01T09:01:12.111Z", "level": "trace", "msg": "incoming request", "caller": "api/handler.go:15", "logger": "api", "method": "GET", "path": "/users", "client_ip": "192.168.1.100", "request_id": "abc-123"}
{"ts": "2025-04-01T09:01:12.222Z", "level": "debug", "msg": "query executed", "caller": "db/query.go:67", "logger": "database", "query": "SELECT * FROM users", "rows_returned": 42, "duration_ms": 12.5, "cached": false}
{"ts": "2025-04-01T09:01:12.333Z", "level": "info", "msg": "request completed", "caller": "api/handler.go:45", "logger": "api", "status": 200, "latency_ms": 45.7, "bytes_sent": 8192, "compressed": true}
{"ts": "2025-04-01T09:05:30.444Z", "level": "warning", "msg": "rate limit approaching", "caller": "middleware/ratelimit.go:30", "logger": "ratelimit", "client_id": "user-789", "current_rate": 95, "max_rate": 100, "window_seconds": 60, "action": null}
{"ts": "2025-04-01T09:10:45.555Z", "level": "error", "msg": "payment processing failed", "caller": "payment/processor.go:120", "logger": "payment", "order_id": "ord-456", "amount": 99.99, "currency": "USD", "error_code": "INSUFFICIENT_FUNDS", "retry_allowed": true, "attempts": 3}
{"ts": "2025-04-01T09:15:00.666Z", "level": "info", "msg": "batch job started", "caller": "jobs/scheduler.go:88", "logger": "scheduler", "job_name": "cleanup", "scheduled_at": "2025-04-01T09:15:00Z", "params": {"dry_run": false, "max_items": 1000, "threshold_days": 30}, "targets": [{"table": "logs", "rows": 5000}, {"table": "sessions", "rows": 1200}, {"table": "temp_files", "rows": 350}], "priority": 5}
{"ts": "2025-04-01T09:15:30.777Z", "level": "debug", "msg": "processing items", "caller": "jobs/cleanup.go:55", "logger": "cleanup", "total_items": 847, "processed": 500, "skipped": 12, "errors": 0, "progress_pct": 58.9}
{"ts": "2025-04-01T09:16:00.888Z", "level": "info", "msg": "batch job completed", "caller": "jobs/scheduler.go:95", "logger": "scheduler", "job_name": "cleanup", "duration_seconds": 60.222, "items_deleted": 835, "space_freed_mb": 1024.5, "success": true}
{"ts": "2025-04-01T09:20:15.999Z", "level": "warning", "msg": "high memory usage detected", "caller": "monitor/memory.go:40", "logger": "monitor", "used_mb": 3500, "total_mb": 4096, "usage_pct": 85.4, "gc_runs": 15, "recommendation": "scale up"}
{"ts": "2025-04-01T09:25:30.000Z", "level": "info", "msg": "user session created", "caller": "auth/session.go:60", "logger": "auth", "user_id": "u-12345", "roles": ["admin", "editor"], "permissions": {"read": true, "write": true, "delete": false}, "expires_at": "2025-04-01T21:25:30Z", "mfa_verified": true}
{"ts": "2025-04-01T09:30:00.111Z", "level": "trace", "msg": "cache operation", "caller": "cache/ops.go:25", "logger": "cache", "operation": "SET", "key": "session:u-12345", "ttl": 43200, "size_bytes": 256, "hit": null}
{"ts": "2025-04-01T09:35:45.222Z", "level": "error", "msg": "external service unavailable", "caller": "client/http.go:85", "logger": "http_client", "service": "email-api", "url": "https://api.email.example.com/send", "status_code": 503, "retry_after": 30, "circuit_breaker": "open", "fallback_used": true}
{"ts": "2025-04-01T09:40:00.333Z", "level": "info", "msg": "metrics snapshot", "caller": "metrics/reporter.go:70", "logger": "metrics", "requests_total": 15420, "errors_total": 23, "avg_latency_ms": 45.2, "p99_latency_ms": 250.8, "active_connections": 156, "uptime_hours": 0.67}
{"ts": "2025-04-01T09:45:00.444Z", "level": "debug", "msg": "feature flags loaded", "caller": "features/flags.go:35", "logger": "features", "flags": {"new_checkout": true, "dark_mode": true, "beta_api": false}, "source": "remote", "refresh_interval_seconds": 300, "last_updated": null}
{"ts": "2025-04-01T09:50:00.555Z", "level": "info", "msg": "graceful shutdown initiated", "caller": "server/shutdown.go:20", "logger": "server", "reason": "SIGTERM", "active_requests": 5, "drain_timeout_seconds": 30, "force": false}
{"ts": "2025-04-01T09:50:15.666Z", "level": "trace", "msg": "connection draining", "caller": "server/shutdown.go:45", "logger": "server", "remaining_connections": 2, "elapsed_seconds": 15.0, "deadline_seconds": 15.0}
{"ts": "2025-04-01T09:50:30.777Z", "level": "info", "msg": "server stopped", "caller": "server/shutdown.go:60", "logger": "server", "exit_code": 0, "total_requests_served": 15892, "total_errors": 24, "uptime_seconds": 3030.777, "clean_shutdown": true}
